Arguments: 
  C:\Program Files\nodejs\node.exe C:\Program Files (x86)\Yarn\bin\yarn.js add bycrypt

PATH: 
  C:\Python27\;C:\Python27\Scripts;C:\Windows\system32;C:\Windows;C:\Windows\System32\Wbem;C:\Windows\System32\WindowsPowerShell\v1.0\;C:\Windows\System32\OpenSSH\;C:\Program Files\Git\cmd;C:\ProgramData\chocolatey\bin;C:\Program Files (x86)\Microsoft Emulator Manager\1.0\;C:\Program Files\nodejs\;C:\Program Files\Java\jdk1.8.0_221\bin;C:\Program Files (x86)\Yarn\bin\;C:\Ruby26-x64\bin;C:\Users\Aro\AppData\Local\Microsoft\WindowsApps;C:\Users\Aro\AppData\Local\Programs\Microsoft VS Code\bin;C:\Users\Aro\AppData\Local\GitHubDesktop\bin;C:\Users\Aro\AppData\Local\Android\Sdk\platform-tools;C:\Program Files\Java\jdk-12.0.2;C:\Users\Aro\AppData\Local\Android\Sdk\platform-tools;C:\Users\Aro\AppData\Local\Android\Sdk\tools;C:\Users\Aro\AppData\Roaming\npm;C:\tools\dart-sdk\bin;C:\Users\Aro\AppData\Roaming\Pub\Cache\bin;C:\Users\Aro\AppData\Local\Yarn\bin;C:\Program Files\heroku\bin

Yarn version: 
  1.19.1

Node version: 
  12.11.0

Platform: 
  win32 x64

Trace: 
  Error: https://registry.yarnpkg.com/bycrypt: Not found
      at Request.params.callback [as _callback] (C:\Program Files (x86)\Yarn\lib\cli.js:66035:18)
      at Request.self.callback (C:\Program Files (x86)\Yarn\lib\cli.js:140564:22)
      at Request.emit (events.js:210:5)
      at Request.<anonymous> (C:\Program Files (x86)\Yarn\lib\cli.js:141536:10)
      at Request.emit (events.js:210:5)
      at IncomingMessage.<anonymous> (C:\Program Files (x86)\Yarn\lib\cli.js:141458:12)
      at Object.onceWrapper (events.js:299:28)
      at IncomingMessage.emit (events.js:215:7)
      at endReadableNT (_stream_readable.js:1183:12)
      at processTicksAndRejections (internal/process/task_queues.js:80:21)

npm manifest: 
  {
    "name": "node-mysql",
    "version": "1.0.0",
    "description": "",
    "main": "index.js",
    "scripts": {
      "test": "echo \"Error: no test specified\" && exit 1",
      "start": "node server.js"
    },
    "author": "",
    "license": "ISC",
    "dependencies": {
      "bcrypt": "^3.0.7",
      "body-parser": "^1.19.0",
      "cors": "^2.8.5",
      "express": "^4.17.1",
      "express-generator": "^4.16.1",
      "express-session": "^1.17.0",
      "hbs": "^4.0.6",
      "mysql": "^2.17.1",
      "mysql2": "^2.0.1",
      "nodemon": "^2.0.1",
      "password-hash": "^1.2.2"
    }
  }

yarn manifest: 
  No manifest

Lockfile: 
  No lockfile
